# JRE version: OpenJDK Runtime Environment (8.0_152-b01) (build 1.8.0_152-release-915-b01)
# Java VM: OpenJDK 64-Bit Server VM (25.152-b01 mixed mode windows-amd64 compressed oops)
Heap:
 PSYoungGen      total 152576K, used 95483K [0x00000000e0000000, 0x00000000ec680000, 0x0000000100000000)
  eden space 102400K, 89% used [0x00000000e0000000,0x00000000e59cafa8,0x00000000e6400000)
  from space 50176K, 7% used [0x00000000e9500000,0x00000000e9874050,0x00000000ec600000)
  to   space 50176K, 0% used [0x00000000e6400000,0x00000000e6400000,0x00000000e9500000)
 ParOldGen       total 187904K, used 153563K [0x00000000a0000000, 0x00000000ab780000, 0x00000000e0000000)
  object space 187904K, 81% used [0x00000000a0000000,0x00000000a95f6da0,0x00000000ab780000)
 Metaspace       used 84648K, capacity 88544K, committed 88792K, reserved 1126400K
  class space    used 10794K, capacity 11718K, committed 11776K, reserved 1048576K
GC Heap History (10 events):
Event: 1473.262 GC heap before
{Heap before GC invocations=66 (full 4):
 PSYoungGen      total 98304K, used 81624K [0x00000000e0000000, 0x00000000eaf00000, 0x0000000100000000)
  eden space 67584K, 100% used [0x00000000e0000000,0x00000000e4200000,0x00000000e4200000)
  from space 30720K, 45% used [0x00000000e4200000,0x00000000e4fb6278,0x00000000e6000000)
  to   space 50176K, 0% used [0x00000000e7e00000,0x00000000e7e00000,0x00000000eaf00000)
 ParOldGen       total 187904K, used 106444K [0x00000000a0000000, 0x00000000ab780000, 0x00000000e0000000)
  object space 187904K, 56% used [0x00000000a0000000,0x00000000a67f32e8,0x00000000ab780000)
 Metaspace       used 77976K, capacity 81522K, committed 81752K, reserved 1120256K
  class space    used 10175K, capacity 11035K, committed 11136K, reserved 1048576K
Event: 1473.375 GC heap after
Heap after GC invocations=66 (full 4):
 PSYoungGen      total 128000K, used 29432K [0x00000000e0000000, 0x00000000eb100000, 0x0000000100000000)
  eden space 77824K, 0% used [0x00000000e0000000,0x00000000e0000000,0x00000000e4c00000)
  from space 50176K, 58% used [0x00000000e7e00000,0x00000000e9abe320,0x00000000eaf00000)
  to   space 51200K, 0% used [0x00000000e4c00000,0x00000000e4c00000,0x00000000e7e00000)
 ParOldGen       total 187904K, used 106660K [0x00000000a0000000, 0x00000000ab780000, 0x00000000e0000000)
  object space 187904K, 56% used [0x00000000a0000000,0x00000000a6829318,0x00000000ab780000)
 Metaspace       used 77976K, capacity 81522K, committed 81752K, reserved 1120256K
  class space    used 10175K, capacity 11035K, committed 11136K, reserved 1048576K
}
Event: 1496.690 GC heap before
{Heap before GC invocations=67 (full 4):
 PSYoungGen      total 128000K, used 107256K [0x00000000e0000000, 0x00000000eb100000, 0x0000000100000000)
  eden space 77824K, 100% used [0x00000000e0000000,0x00000000e4c00000,0x00000000e4c00000)
  from space 50176K, 58% used [0x00000000e7e00000,0x00000000e9abe320,0x00000000eaf00000)
  to   space 51200K, 0% used [0x00000000e4c00000,0x00000000e4c00000,0x00000000e7e00000)
 ParOldGen       total 187904K, used 106660K [0x00000000a0000000, 0x00000000ab780000, 0x00000000e0000000)
  object space 187904K, 56% used [0x00000000a0000000,0x00000000a6829318,0x00000000ab780000)
 Metaspace       used 79238K, capacity 82738K, committed 83032K, reserved 1122304K
  class space    used 10253K, capacity 11099K, committed 11136K, reserved 1048576K
Event: 1496.786 GC heap after
Heap after GC invocations=67 (full 4):
 PSYoungGen      total 129024K, used 35697K [0x00000000e0000000, 0x00000000ec200000, 0x0000000100000000)
  eden space 77824K, 0% used [0x00000000e0000000,0x00000000e0000000,0x00000000e4c00000)
  from space 51200K, 69% used [0x00000000e4c00000,0x00000000e6edc580,0x00000000e7e00000)
  to   space 54272K, 0% used [0x00000000e8d00000,0x00000000e8d00000,0x00000000ec200000)
 ParOldGen       total 187904K, used 113713K [0x00000000a0000000, 0x00000000ab780000, 0x00000000e0000000)
  object space 187904K, 60% used [0x00000000a0000000,0x00000000a6f0c6f0,0x00000000ab780000)
 Metaspace       used 79238K, capacity 82738K, committed 83032K, reserved 1122304K
  class space    used 10253K, capacity 11099K, committed 11136K, reserved 1048576K
}
Event: 1520.317 GC heap before
{Heap before GC invocations=68 (full 4):
 PSYoungGen      total 129024K, used 113521K [0x00000000e0000000, 0x00000000ec200000, 0x0000000100000000)
  eden space 77824K, 100% used [0x00000000e0000000,0x00000000e4c00000,0x00000000e4c00000)
  from space 51200K, 69% used [0x00000000e4c00000,0x00000000e6edc580,0x00000000e7e00000)
  to   space 54272K, 0% used [0x00000000e8d00000,0x00000000e8d00000,0x00000000ec200000)
 ParOldGen       total 187904K, used 113713K [0x00000000a0000000, 0x00000000ab780000, 0x00000000e0000000)
  object space 187904K, 60% used [0x00000000a0000000,0x00000000a6f0c6f0,0x00000000ab780000)
 Metaspace       used 81214K, capacity 85004K, committed 85208K, reserved 1122304K
  class space    used 10520K, capacity 11400K, committed 11520K, reserved 1048576K
Event: 1520.409 GC heap after
Heap after GC invocations=68 (full 4):
 PSYoungGen      total 137216K, used 20568K [0x00000000e0000000, 0x00000000ebb80000, 0x0000000100000000)
  eden space 89600K, 0% used [0x00000000e0000000,0x00000000e0000000,0x00000000e5780000)
  from space 47616K, 43% used [0x00000000e8d00000,0x00000000ea1161b0,0x00000000ebb80000)
  to   space 51200K, 0% used [0x00000000e5780000,0x00000000e5780000,0x00000000e8980000)
 ParOldGen       total 187904K, used 131906K [0x00000000a0000000, 0x00000000ab780000, 0x00000000e0000000)
  object space 187904K, 70% used [0x00000000a0000000,0x00000000a80d0908,0x00000000ab780000)
 Metaspace       used 81214K, capacity 85004K, committed 85208K, reserved 1122304K
  class space    used 10520K, capacity 11400K, committed 11520K, reserved 1048576K
}
Event: 1533.406 GC heap before
{Heap before GC invocations=69 (full 4):
 PSYoungGen      total 137216K, used 110168K [0x00000000e0000000, 0x00000000ebb80000, 0x0000000100000000)
  eden space 89600K, 100% used [0x00000000e0000000,0x00000000e5780000,0x00000000e5780000)
  from space 47616K, 43% used [0x00000000e8d00000,0x00000000ea1161b0,0x00000000ebb80000)
  to   space 51200K, 0% used [0x00000000e5780000,0x00000000e5780000,0x00000000e8980000)
 ParOldGen       total 187904K, used 131906K [0x00000000a0000000, 0x00000000ab780000, 0x00000000e0000000)
  object space 187904K, 70% used [0x00000000a0000000,0x00000000a80d0908,0x00000000ab780000)
 Metaspace       used 84411K, capacity 88352K, committed 88536K, reserved 1126400K
  class space    used 10793K, capacity 11718K, committed 11776K, reserved 1048576K
Event: 1533.501 GC heap after
Heap after GC invocations=69 (full 4):
 PSYoungGen      total 140800K, used 6461K [0x00000000e0000000, 0x00000000ec600000, 0x0000000100000000)
  eden space 89600K, 0% used [0x00000000e0000000,0x00000000e0000000,0x00000000e5780000)
  from space 51200K, 12% used [0x00000000e5780000,0x00000000e5dcf708,0x00000000e8980000)
  to   space 50176K, 0% used [0x00000000e9500000,0x00000000e9500000,0x00000000ec600000)
 ParOldGen       total 187904K, used 149854K [0x00000000a0000000, 0x00000000ab780000, 0x00000000e0000000)
  object space 187904K, 79% used [0x00000000a0000000,0x00000000a9257830,0x00000000ab780000)
 Metaspace       used 84411K, capacity 88352K, committed 88536K, reserved 1126400K
  class space    used 10793K, capacity 11718K, committed 11776K, reserved 1048576K
}
Event: 1535.388 GC heap before
{Heap before GC invocations=70 (full 4):
 PSYoungGen      total 140800K, used 96061K [0x00000000e0000000, 0x00000000ec600000, 0x0000000100000000)
  eden space 89600K, 100% used [0x00000000e0000000,0x00000000e5780000,0x00000000e5780000)
  from space 51200K, 12% used [0x00000000e5780000,0x00000000e5dcf708,0x00000000e8980000)
  to   space 50176K, 0% used [0x00000000e9500000,0x00000000e9500000,0x00000000ec600000)
 ParOldGen       total 187904K, used 149854K [0x00000000a0000000, 0x00000000ab780000, 0x00000000e0000000)
  object space 187904K, 79% used [0x00000000a0000000,0x00000000a9257830,0x00000000ab780000)
 Metaspace       used 84534K, capacity 88416K, committed 88536K, reserved 1126400K
  class space    used 10793K, capacity 11718K, committed 11776K, reserved 1048576K
Event: 1535.425 GC heap after
Heap after GC invocations=70 (full 4):
 PSYoungGen      total 152576K, used 3536K [0x00000000e0000000, 0x00000000ec680000, 0x0000000100000000)
  eden space 102400K, 0% used [0x00000000e0000000,0x00000000e0000000,0x00000000e6400000)
  from space 50176K, 7% used [0x00000000e9500000,0x00000000e9874050,0x00000000ec600000)
  to   space 50176K, 0% used [0x00000000e6400000,0x00000000e6400000,0x00000000e9500000)
 ParOldGen       total 187904K, used 153563K [0x00000000a0000000, 0x00000000ab780000, 0x00000000e0000000)
  object space 187904K, 81% used [0x00000000a0000000,0x00000000a95f6da0,0x00000000ab780000)
 Metaspace       used 84534K, capacity 88416K, committed 88536K, reserved 1126400K
  class space    used 10793K, capacity 11718K, committed 11776K, reserved 1048576K
}

