# JRE version: OpenJDK Runtime Environment (8.0_152-b01) (build 1.8.0_152-release-915-b01)
# Java VM: OpenJDK 64-Bit Server VM (25.152-b01 mixed mode windows-amd64 compressed oops)
Heap:
 PSYoungGen      total 60416K, used 24979K [0x00000000e0000000, 0x00000000e5c80000, 0x0000000100000000)
  eden space 30208K, 1% used [0x00000000e0000000,0x00000000e0094c40,0x00000000e1d80000)
  from space 30208K, 80% used [0x00000000e1d80000,0x00000000e3550298,0x00000000e3b00000)
  to   space 26112K, 0% used [0x00000000e3b00000,0x00000000e3b00000,0x00000000e5480000)
 ParOldGen       total 155648K, used 102272K [0x00000000a0000000, 0x00000000a9800000, 0x00000000e0000000)
  object space 155648K, 65% used [0x00000000a0000000,0x00000000a63e02b8,0x00000000a9800000)
 Metaspace       used 70323K, capacity 72512K, committed 72664K, reserved 1112064K
  class space    used 9183K, capacity 9693K, committed 9728K, reserved 1048576K
GC Heap History (10 events):
Event: 666.857 GC heap before
{Heap before GC invocations=66 (full 5):
 PSYoungGen      total 50176K, used 46208K [0x00000000e0000000, 0x00000000e4980000, 0x0000000100000000)
  eden space 29184K, 100% used [0x00000000e0000000,0x00000000e1c80000,0x00000000e1c80000)
  from space 20992K, 81% used [0x00000000e3380000,0x00000000e4420000,0x00000000e4800000)
  to   space 23040K, 0% used [0x00000000e1c80000,0x00000000e1c80000,0x00000000e3300000)
 ParOldGen       total 117248K, used 77294K [0x00000000a0000000, 0x00000000a7280000, 0x00000000e0000000)
  object space 117248K, 65% used [0x00000000a0000000,0x00000000a4b7b9a0,0x00000000a7280000)
 Metaspace       used 68285K, capacity 70504K, committed 70744K, reserved 1110016K
  class space    used 8970K, capacity 9497K, committed 9600K, reserved 1048576K
Event: 666.906 GC heap after
Heap after GC invocations=66 (full 5):
 PSYoungGen      total 52224K, used 23037K [0x00000000e0000000, 0x00000000e5600000, 0x0000000100000000)
  eden space 29184K, 0% used [0x00000000e0000000,0x00000000e0000000,0x00000000e1c80000)
  from space 23040K, 99% used [0x00000000e1c80000,0x00000000e32ff4a0,0x00000000e3300000)
  to   space 28160K, 0% used [0x00000000e3a80000,0x00000000e3a80000,0x00000000e5600000)
 ParOldGen       total 117248K, used 80039K [0x00000000a0000000, 0x00000000a7280000, 0x00000000e0000000)
  object space 117248K, 68% used [0x00000000a0000000,0x00000000a4e29e98,0x00000000a7280000)
 Metaspace       used 68285K, capacity 70504K, committed 70744K, reserved 1110016K
  class space    used 8970K, capacity 9497K, committed 9600K, reserved 1048576K
}
Event: 676.359 GC heap before
{Heap before GC invocations=67 (full 5):
 PSYoungGen      total 52224K, used 52221K [0x00000000e0000000, 0x00000000e5600000, 0x0000000100000000)
  eden space 29184K, 100% used [0x00000000e0000000,0x00000000e1c80000,0x00000000e1c80000)
  from space 23040K, 99% used [0x00000000e1c80000,0x00000000e32ff4a0,0x00000000e3300000)
  to   space 28160K, 0% used [0x00000000e3a80000,0x00000000e3a80000,0x00000000e5600000)
 ParOldGen       total 117248K, used 80039K [0x00000000a0000000, 0x00000000a7280000, 0x00000000e0000000)
  object space 117248K, 68% used [0x00000000a0000000,0x00000000a4e29e98,0x00000000a7280000)
 Metaspace       used 69063K, capacity 71232K, committed 71640K, reserved 1112064K
  class space    used 9111K, capacity 9629K, committed 9728K, reserved 1048576K
Event: 676.469 GC heap after
Heap after GC invocations=67 (full 5):
 PSYoungGen      total 58880K, used 3422K [0x00000000e0000000, 0x00000000e5500000, 0x0000000100000000)
  eden space 31744K, 0% used [0x00000000e0000000,0x00000000e0000000,0x00000000e1f00000)
  from space 27136K, 12% used [0x00000000e3a80000,0x00000000e3dd7870,0x00000000e5500000)
  to   space 27648K, 0% used [0x00000000e1f00000,0x00000000e1f00000,0x00000000e3a00000)
 ParOldGen       total 117248K, used 103093K [0x00000000a0000000, 0x00000000a7280000, 0x00000000e0000000)
  object space 117248K, 87% used [0x00000000a0000000,0x00000000a64ad598,0x00000000a7280000)
 Metaspace       used 69063K, capacity 71232K, committed 71640K, reserved 1112064K
  class space    used 9111K, capacity 9629K, committed 9728K, reserved 1048576K
}
Event: 676.469 GC heap before
{Heap before GC invocations=68 (full 6):
 PSYoungGen      total 58880K, used 3422K [0x00000000e0000000, 0x00000000e5500000, 0x0000000100000000)
  eden space 31744K, 0% used [0x00000000e0000000,0x00000000e0000000,0x00000000e1f00000)
  from space 27136K, 12% used [0x00000000e3a80000,0x00000000e3dd7870,0x00000000e5500000)
  to   space 27648K, 0% used [0x00000000e1f00000,0x00000000e1f00000,0x00000000e3a00000)
 ParOldGen       total 117248K, used 103093K [0x00000000a0000000, 0x00000000a7280000, 0x00000000e0000000)
  object space 117248K, 87% used [0x00000000a0000000,0x00000000a64ad598,0x00000000a7280000)
 Metaspace       used 69063K, capacity 71232K, committed 71640K, reserved 1112064K
  class space    used 9111K, capacity 9629K, committed 9728K, reserved 1048576K
Event: 677.067 GC heap after
Heap after GC invocations=68 (full 6):
 PSYoungGen      total 58880K, used 0K [0x00000000e0000000, 0x00000000e5500000, 0x0000000100000000)
  eden space 31744K, 0% used [0x00000000e0000000,0x00000000e0000000,0x00000000e1f00000)
  from space 27136K, 0% used [0x00000000e3a80000,0x00000000e3a80000,0x00000000e5500000)
  to   space 27648K, 0% used [0x00000000e1f00000,0x00000000e1f00000,0x00000000e3a00000)
 ParOldGen       total 155648K, used 102248K [0x00000000a0000000, 0x00000000a9800000, 0x00000000e0000000)
  object space 155648K, 65% used [0x00000000a0000000,0x00000000a63da2b8,0x00000000a9800000)
 Metaspace       used 69063K, capacity 71232K, committed 71640K, reserved 1112064K
  class space    used 9111K, capacity 9629K, committed 9728K, reserved 1048576K
}
Event: 688.766 GC heap before
{Heap before GC invocations=69 (full 6):
 PSYoungGen      total 58880K, used 31744K [0x00000000e0000000, 0x00000000e5500000, 0x0000000100000000)
  eden space 31744K, 100% used [0x00000000e0000000,0x00000000e1f00000,0x00000000e1f00000)
  from space 27136K, 0% used [0x00000000e3a80000,0x00000000e3a80000,0x00000000e5500000)
  to   space 27648K, 0% used [0x00000000e1f00000,0x00000000e1f00000,0x00000000e3a00000)
 ParOldGen       total 155648K, used 102248K [0x00000000a0000000, 0x00000000a9800000, 0x00000000e0000000)
  object space 155648K, 65% used [0x00000000a0000000,0x00000000a63da2b8,0x00000000a9800000)
 Metaspace       used 69098K, capacity 71296K, committed 71640K, reserved 1112064K
  class space    used 9111K, capacity 9629K, committed 9728K, reserved 1048576K
Event: 688.788 GC heap after
Heap after GC invocations=69 (full 6):
 PSYoungGen      total 59392K, used 11264K [0x00000000e0000000, 0x00000000e5480000, 0x0000000100000000)
  eden space 31744K, 0% used [0x00000000e0000000,0x00000000e0000000,0x00000000e1f00000)
  from space 27648K, 40% used [0x00000000e1f00000,0x00000000e2a00200,0x00000000e3a00000)
  to   space 26112K, 0% used [0x00000000e3b00000,0x00000000e3b00000,0x00000000e5480000)
 ParOldGen       total 155648K, used 102256K [0x00000000a0000000, 0x00000000a9800000, 0x00000000e0000000)
  object space 155648K, 65% used [0x00000000a0000000,0x00000000a63dc2b8,0x00000000a9800000)
 Metaspace       used 69098K, capacity 71296K, committed 71640K, reserved 1112064K
  class space    used 9111K, capacity 9629K, committed 9728K, reserved 1048576K
}
Event: 697.057 GC heap before
{Heap before GC invocations=70 (full 6):
 PSYoungGen      total 59392K, used 43008K [0x00000000e0000000, 0x00000000e5480000, 0x0000000100000000)
  eden space 31744K, 100% used [0x00000000e0000000,0x00000000e1f00000,0x00000000e1f00000)
  from space 27648K, 40% used [0x00000000e1f00000,0x00000000e2a00200,0x00000000e3a00000)
  to   space 26112K, 0% used [0x00000000e3b00000,0x00000000e3b00000,0x00000000e5480000)
 ParOldGen       total 155648K, used 102256K [0x00000000a0000000, 0x00000000a9800000, 0x00000000e0000000)
  object space 155648K, 65% used [0x00000000a0000000,0x00000000a63dc2b8,0x00000000a9800000)
 Metaspace       used 69497K, capacity 71680K, committed 71896K, reserved 1112064K
  class space    used 9165K, capacity 9693K, committed 9728K, reserved 1048576K
Event: 697.172 GC heap after
Heap after GC invocations=70 (full 6):
 PSYoungGen      total 56320K, used 24480K [0x00000000e0000000, 0x00000000e5c80000, 0x0000000100000000)
  eden space 30208K, 0% used [0x00000000e0000000,0x00000000e0000000,0x00000000e1d80000)
  from space 26112K, 93% used [0x00000000e3b00000,0x00000000e52e83a0,0x00000000e5480000)
  to   space 30208K, 0% used [0x00000000e1d80000,0x00000000e1d80000,0x00000000e3b00000)
 ParOldGen       total 155648K, used 102264K [0x00000000a0000000, 0x00000000a9800000, 0x00000000e0000000)
  object space 155648K, 65% used [0x00000000a0000000,0x00000000a63de2b8,0x00000000a9800000)
 Metaspace       used 69497K, capacity 71680K, committed 71896K, reserved 1112064K
  class space    used 9165K, capacity 9693K, committed 9728K, reserved 1048576K
}

